2015/06/22 -- 09:07:54-[main]-[INFO]-org.springframework.test.context.support.DefaultTestContextBootstrapper-[getDefaultTestExecutionListenerClassNames]-(256)-Loaded default TestExecutionListener class names from location [META-INF/spring.factories]: [org.springframework.test.context.web.ServletTestExecutionListener, org.springframework.test.context.support.DependencyInjectionTestExecutionListener, org.springframework.test.context.support.DirtiesContextTestExecutionListener, org.springframework.test.context.transaction.TransactionalTestExecutionListener, org.springframework.test.context.jdbc.SqlScriptsTestExecutionListener]
2015/06/22 -- 09:07:54-[main]-[INFO]-org.springframework.test.context.support.DefaultTestContextBootstrapper-[instantiateListeners]-(204)-Could not instantiate TestExecutionListener [org.springframework.test.context.web.ServletTestExecutionListener]. Specify custom listener classes or make the default listener classes (and their required dependencies) available. Offending class: [javax/servlet/ServletContext]
2015/06/22 -- 09:07:54-[main]-[INFO]-org.springframework.test.context.support.DefaultTestContextBootstrapper-[getTestExecutionListeners]-(182)-Using TestExecutionListeners: [org.springframework.test.context.support.DependencyInjectionTestExecutionListener@79b4d0f, org.springframework.test.context.support.DirtiesContextTestExecutionListener@6b2fad11, org.springframework.test.context.transaction.TransactionalTestExecutionListener@79698539, org.springframework.test.context.jdbc.SqlScriptsTestExecutionListener@73f792cf]
2015/06/22 -- 09:07:54-[main]-[INFO]-org.springframework.beans.factory.xml.XmlBeanDefinitionReader-[loadBeanDefinitions]-(317)-Loading XML bean definitions from class path resource [SpringConfiguration.xml]
2015/06/22 -- 09:07:54-[main]-[INFO]-org.springframework.context.support.GenericApplicationContext-[prepareRefresh]-(510)-Refreshing org.springframework.context.support.GenericApplicationContext@5056dfcb: startup date [Mon Jun 22 09:07:54 COT 2015]; root of context hierarchy
2015/06/22 -- 09:07:54-[main]-[INFO]-org.springframework.jdbc.datasource.DriverManagerDataSource-[setDriverClassName]-(133)-Loaded JDBC driver: com.mysql.jdbc.Driver
2015/06/22 -- 09:07:54-[main]-[INFO]-org.hibernate.annotations.common.Version-[<clinit>]-(37)-Hibernate Commons Annotations 3.2.0.Final
2015/06/22 -- 09:07:54-[main]-[INFO]-org.hibernate.cfg.Environment-[<clinit>]-(603)-Hibernate 3.6.10.Final
2015/06/22 -- 09:07:54-[main]-[INFO]-org.hibernate.cfg.Environment-[<clinit>]-(636)-hibernate.properties not found
2015/06/22 -- 09:07:54-[main]-[INFO]-org.hibernate.cfg.Environment-[buildBytecodeProvider]-(814)-Bytecode provider name : javassist
2015/06/22 -- 09:07:54-[main]-[INFO]-org.hibernate.cfg.Environment-[<clinit>]-(695)-using JDK 1.4 java.sql.Timestamp handling
2015/06/22 -- 09:07:54-[main]-[WARN]-org.hibernate.util.DTDEntityResolver-[resolveEntity]-(73)-recognized obsolete hibernate namespace http://hibernate.sourceforge.net/. Use namespace http://www.hibernate.org/dtd/ instead. Refer to Hibernate 3.6 Migration Guide!
2015/06/22 -- 09:07:54-[main]-[WARN]-org.hibernate.util.DTDEntityResolver-[resolveEntity]-(73)-recognized obsolete hibernate namespace http://hibernate.sourceforge.net/. Use namespace http://www.hibernate.org/dtd/ instead. Refer to Hibernate 3.6 Migration Guide!
2015/06/22 -- 09:07:54-[main]-[WARN]-org.hibernate.util.DTDEntityResolver-[resolveEntity]-(73)-recognized obsolete hibernate namespace http://hibernate.sourceforge.net/. Use namespace http://www.hibernate.org/dtd/ instead. Refer to Hibernate 3.6 Migration Guide!
2015/06/22 -- 09:07:54-[main]-[WARN]-org.hibernate.util.DTDEntityResolver-[resolveEntity]-(73)-recognized obsolete hibernate namespace http://hibernate.sourceforge.net/. Use namespace http://www.hibernate.org/dtd/ instead. Refer to Hibernate 3.6 Migration Guide!
2015/06/22 -- 09:07:54-[main]-[INFO]-org.hibernate.cfg.HbmBinder-[bindRootPersistentClassCommonValues]-(353)-Mapping class: com.amhable.dominio.ArchivoDto -> archivo
2015/06/22 -- 09:07:54-[main]-[INFO]-org.hibernate.cfg.HbmBinder-[bindRootPersistentClassCommonValues]-(353)-Mapping class: com.amhable.dominio.CategoriaDto -> categoria
2015/06/22 -- 09:07:54-[main]-[INFO]-org.hibernate.cfg.HbmBinder-[bindRootPersistentClassCommonValues]-(353)-Mapping class: com.amhable.dominio.TemaDto -> tema
2015/06/22 -- 09:07:54-[main]-[INFO]-org.hibernate.cfg.HbmBinder-[bindRootPersistentClassCommonValues]-(353)-Mapping class: com.amhable.dominio.UsuarioDto -> usuario
2015/06/22 -- 09:07:54-[main]-[INFO]-org.hibernate.cfg.Configuration-[applyHibernateValidatorLegacyConstraintsOnDDL]-(1676)-Hibernate Validator not found: ignoring
2015/06/22 -- 09:07:54-[main]-[INFO]-org.springframework.orm.hibernate3.LocalSessionFactoryBean-[buildSessionFactory]-(713)-Building new Hibernate SessionFactory
2015/06/22 -- 09:07:54-[main]-[INFO]-org.hibernate.cfg.search.HibernateSearchEventListenerRegister-[enableHibernateSearch]-(75)-Unable to find org.hibernate.search.event.FullTextIndexEventListener on the classpath. Hibernate Search is not enabled.
2015/06/22 -- 09:07:54-[main]-[INFO]-org.hibernate.connection.ConnectionProviderFactory-[initializeConnectionProviderFromConfig]-(173)-Initializing connection provider: org.springframework.orm.hibernate3.LocalDataSourceConnectionProvider
2015/06/22 -- 09:07:55-[main]-[INFO]-org.hibernate.dialect.Dialect-[<init>]-(136)-Using dialect: org.hibernate.dialect.MySQLDialect
2015/06/22 -- 09:07:55-[main]-[INFO]-org.hibernate.cfg.SettingsFactory-[buildSettings]-(126)-Database ->
       name : MySQL
    version : 5.6.21
      major : 5
      minor : 6
2015/06/22 -- 09:07:55-[main]-[INFO]-org.hibernate.cfg.SettingsFactory-[buildSettings]-(132)-Driver ->
       name : MySQL-AB JDBC Driver
    version : mysql-connector-java-5.1.22 ( Revision: ${bzr.revision-id} )
      major : 5
      minor : 1
2015/06/22 -- 09:07:55-[main]-[INFO]-org.hibernate.transaction.TransactionFactoryFactory-[buildTransactionFactory]-(65)-Transaction strategy: org.springframework.orm.hibernate3.SpringTransactionFactory
2015/06/22 -- 09:07:55-[main]-[INFO]-org.hibernate.transaction.TransactionManagerLookupFactory-[getTransactionManagerLookup]-(83)-No TransactionManagerLookup configured (in JTA environment, use of read-write or transactional second-level cache is not recommended)
2015/06/22 -- 09:07:55-[main]-[INFO]-org.hibernate.cfg.SettingsFactory-[buildSettings]-(179)-Automatic flush during beforeCompletion(): disabled
2015/06/22 -- 09:07:55-[main]-[INFO]-org.hibernate.cfg.SettingsFactory-[buildSettings]-(183)-Automatic session close at end of transaction: disabled
2015/06/22 -- 09:07:55-[main]-[INFO]-org.hibernate.cfg.SettingsFactory-[buildSettings]-(190)-JDBC batch size: 15
2015/06/22 -- 09:07:55-[main]-[INFO]-org.hibernate.cfg.SettingsFactory-[buildSettings]-(193)-JDBC batch updates for versioned data: disabled
2015/06/22 -- 09:07:55-[main]-[INFO]-org.hibernate.cfg.SettingsFactory-[buildSettings]-(198)-Scrollable result sets: enabled
2015/06/22 -- 09:07:55-[main]-[INFO]-org.hibernate.cfg.SettingsFactory-[buildSettings]-(206)-JDBC3 getGeneratedKeys(): enabled
2015/06/22 -- 09:07:55-[main]-[INFO]-org.hibernate.cfg.SettingsFactory-[buildSettings]-(214)-Connection release mode: auto
2015/06/22 -- 09:07:55-[main]-[INFO]-org.hibernate.cfg.SettingsFactory-[buildSettings]-(238)-Maximum outer join fetch depth: 2
2015/06/22 -- 09:07:55-[main]-[INFO]-org.hibernate.cfg.SettingsFactory-[buildSettings]-(241)-Default batch fetch size: 1
2015/06/22 -- 09:07:55-[main]-[INFO]-org.hibernate.cfg.SettingsFactory-[buildSettings]-(245)-Generate SQL with comments: disabled
2015/06/22 -- 09:07:55-[main]-[INFO]-org.hibernate.cfg.SettingsFactory-[buildSettings]-(249)-Order SQL updates by primary key: disabled
2015/06/22 -- 09:07:55-[main]-[INFO]-org.hibernate.cfg.SettingsFactory-[buildSettings]-(253)-Order SQL inserts for batching: disabled
2015/06/22 -- 09:07:55-[main]-[INFO]-org.hibernate.cfg.SettingsFactory-[createQueryTranslatorFactory]-(431)-Query translator: org.hibernate.hql.ast.ASTQueryTranslatorFactory
2015/06/22 -- 09:07:55-[main]-[INFO]-org.hibernate.hql.ast.ASTQueryTranslatorFactory-[<init>]-(47)-Using ASTQueryTranslatorFactory
2015/06/22 -- 09:07:55-[main]-[INFO]-org.hibernate.cfg.SettingsFactory-[buildSettings]-(261)-Query language substitutions: {}
2015/06/22 -- 09:07:55-[main]-[INFO]-org.hibernate.cfg.SettingsFactory-[buildSettings]-(266)-JPA-QL strict compliance: disabled
2015/06/22 -- 09:07:55-[main]-[INFO]-org.hibernate.cfg.SettingsFactory-[buildSettings]-(271)-Second-level cache: enabled
2015/06/22 -- 09:07:55-[main]-[INFO]-org.hibernate.cfg.SettingsFactory-[buildSettings]-(275)-Query cache: disabled
2015/06/22 -- 09:07:55-[main]-[INFO]-org.hibernate.cfg.SettingsFactory-[createRegionFactory]-(406)-Cache region factory : org.hibernate.cache.impl.NoCachingRegionFactory
2015/06/22 -- 09:07:55-[main]-[INFO]-org.hibernate.cfg.SettingsFactory-[buildSettings]-(285)-Optimize cache for minimal puts: disabled
2015/06/22 -- 09:07:55-[main]-[INFO]-org.hibernate.cfg.SettingsFactory-[buildSettings]-(294)-Structured second-level cache entries: disabled
2015/06/22 -- 09:07:55-[main]-[INFO]-org.hibernate.cfg.SettingsFactory-[buildSettings]-(314)-Echoing all SQL to stdout
2015/06/22 -- 09:07:55-[main]-[INFO]-org.hibernate.cfg.SettingsFactory-[buildSettings]-(323)-Statistics: disabled
2015/06/22 -- 09:07:55-[main]-[INFO]-org.hibernate.cfg.SettingsFactory-[buildSettings]-(327)-Deleted entity synthetic identifier rollback: disabled
2015/06/22 -- 09:07:55-[main]-[INFO]-org.hibernate.cfg.SettingsFactory-[buildSettings]-(343)-Default entity-mode: pojo
2015/06/22 -- 09:07:55-[main]-[INFO]-org.hibernate.cfg.SettingsFactory-[buildSettings]-(347)-Named query checking : enabled
2015/06/22 -- 09:07:55-[main]-[INFO]-org.hibernate.cfg.SettingsFactory-[buildSettings]-(351)-Check Nullability in Core (should be disabled when Bean Validation is on): disabled
2015/06/22 -- 09:07:55-[main]-[INFO]-org.hibernate.impl.SessionFactoryImpl-[<init>]-(202)-building session factory
2015/06/22 -- 09:07:55-[main]-[INFO]-org.hibernate.type.BasicTypeRegistry-[register]-(150)-Type registration [characters_clob] overrides previous : org.hibernate.type.PrimitiveCharacterArrayClobType@6e2829c7
2015/06/22 -- 09:07:55-[main]-[INFO]-org.hibernate.type.BasicTypeRegistry-[register]-(150)-Type registration [materialized_blob] overrides previous : org.hibernate.type.MaterializedBlobType@3feb2dda
2015/06/22 -- 09:07:55-[main]-[INFO]-org.hibernate.type.BasicTypeRegistry-[register]-(150)-Type registration [clob] overrides previous : org.hibernate.type.ClobType@6a8658ff
2015/06/22 -- 09:07:55-[main]-[INFO]-org.hibernate.type.BasicTypeRegistry-[register]-(150)-Type registration [java.sql.Clob] overrides previous : org.hibernate.type.ClobType@6a8658ff
2015/06/22 -- 09:07:55-[main]-[INFO]-org.hibernate.type.BasicTypeRegistry-[register]-(150)-Type registration [materialized_clob] overrides previous : org.hibernate.type.MaterializedClobType@1c742ed4
2015/06/22 -- 09:07:55-[main]-[INFO]-org.hibernate.type.BasicTypeRegistry-[register]-(150)-Type registration [wrapper_characters_clob] overrides previous : org.hibernate.type.CharacterArrayClobType@333d4a8c
2015/06/22 -- 09:07:55-[main]-[INFO]-org.hibernate.type.BasicTypeRegistry-[register]-(150)-Type registration [blob] overrides previous : org.hibernate.type.BlobType@55de24cc
2015/06/22 -- 09:07:55-[main]-[INFO]-org.hibernate.type.BasicTypeRegistry-[register]-(150)-Type registration [java.sql.Blob] overrides previous : org.hibernate.type.BlobType@55de24cc
2015/06/22 -- 09:07:55-[main]-[INFO]-org.hibernate.type.BasicTypeRegistry-[register]-(150)-Type registration [wrapper_materialized_blob] overrides previous : org.hibernate.type.WrappedMaterializedBlobType@dc7df28
2015/06/22 -- 09:07:55-[main]-[INFO]-org.hibernate.impl.SessionFactoryObjectFactory-[addInstance]-(105)-Not binding factory to JNDI, no JNDI name configured
2015/06/22 -- 09:07:55-[main]-[INFO]-org.springframework.test.context.transaction.TransactionContext-[startTransaction]-(101)-Began transaction (1) for test context [DefaultTestContext@78641d23 testClass = TemaDaoImpTest, testInstance = com.amhable.test.TemaDaoImpTest@74589991, testMethod = testObtener@TemaDaoImpTest, testException = [null], mergedContextConfiguration = [MergedContextConfiguration@146dfe6 testClass = TemaDaoImpTest, locations = '{classpath:/SpringConfiguration.xml}', classes = '{}', contextInitializerClasses = '[]', activeProfiles = '{}', propertySourceLocations = '{}', propertySourceProperties = '{}', contextLoader = 'org.springframework.test.context.support.DelegatingSmartContextLoader', parent = [null]]]; transaction manager [org.springframework.orm.hibernate3.HibernateTransactionManager@4716be8b]; rollback [true]
2015/06/22 -- 09:07:55-[main]-[ERROR]-org.hibernate.property.BasicPropertyAccessor-[set]-(118)-IllegalArgumentException in class: com.amhable.dominio.TemaDto, setter method of property: categoria_idCategoria
2015/06/22 -- 09:07:55-[main]-[ERROR]-org.hibernate.property.BasicPropertyAccessor-[set]-(122)-expected type: int, actual value: com.amhable.dominio.CategoriaDto
2015/06/22 -- 09:07:55-[main]-[ERROR]-com.amhable.persistencia.implementacion.TemaDaoImp-[obtenerTemas]-(41)-ERROR obteniendo lista de temas: 
org.hibernate.PropertyAccessException: IllegalArgumentException occurred while calling setter of com.amhable.dominio.TemaDto.categoria_idCategoria
	at org.hibernate.property.BasicPropertyAccessor$BasicSetter.set(BasicPropertyAccessor.java:128)
	at org.hibernate.tuple.entity.AbstractEntityTuplizer.setPropertyValues(AbstractEntityTuplizer.java:583)
	at org.hibernate.tuple.entity.PojoEntityTuplizer.setPropertyValues(PojoEntityTuplizer.java:229)
	at org.hibernate.persister.entity.AbstractEntityPersister.setPropertyValues(AbstractEntityPersister.java:3848)
	at org.hibernate.engine.TwoPhaseLoad.initializeEntity(TwoPhaseLoad.java:152)
	at org.hibernate.loader.Loader.initializeEntitiesAndCollections(Loader.java:982)
	at org.hibernate.loader.Loader.doQuery(Loader.java:857)
	at org.hibernate.loader.Loader.doQueryAndInitializeNonLazyCollections(Loader.java:274)
	at org.hibernate.loader.Loader.doList(Loader.java:2542)
	at org.hibernate.loader.Loader.listIgnoreQueryCache(Loader.java:2276)
	at org.hibernate.loader.Loader.list(Loader.java:2271)
	at org.hibernate.loader.criteria.CriteriaLoader.list(CriteriaLoader.java:119)
	at org.hibernate.impl.SessionImpl.list(SessionImpl.java:1716)
	at org.hibernate.impl.CriteriaImpl.list(CriteriaImpl.java:347)
	at com.amhable.persistencia.implementacion.TemaDaoImp.obtenerTemas(TemaDaoImp.java:38)
	at com.amhable.test.TemaDaoImpTest.testObtener(TemaDaoImpTest.java:54)
	at sun.reflect.NativeMethodAccessorImpl.invoke0(Native Method)
	at sun.reflect.NativeMethodAccessorImpl.invoke(NativeMethodAccessorImpl.java:62)
	at sun.reflect.DelegatingMethodAccessorImpl.invoke(DelegatingMethodAccessorImpl.java:43)
	at java.lang.reflect.Method.invoke(Method.java:497)
	at org.junit.runners.model.FrameworkMethod$1.runReflectiveCall(FrameworkMethod.java:47)
	at org.junit.internal.runners.model.ReflectiveCallable.run(ReflectiveCallable.java:12)
	at org.junit.runners.model.FrameworkMethod.invokeExplosively(FrameworkMethod.java:44)
	at org.junit.internal.runners.statements.InvokeMethod.evaluate(InvokeMethod.java:17)
	at org.springframework.test.context.junit4.statements.RunBeforeTestMethodCallbacks.evaluate(RunBeforeTestMethodCallbacks.java:73)
	at org.springframework.test.context.junit4.statements.RunAfterTestMethodCallbacks.evaluate(RunAfterTestMethodCallbacks.java:82)
	at org.springframework.test.context.junit4.statements.SpringRepeat.evaluate(SpringRepeat.java:73)
	at org.junit.runners.ParentRunner.runLeaf(ParentRunner.java:271)
	at org.springframework.test.context.junit4.SpringJUnit4ClassRunner.runChild(SpringJUnit4ClassRunner.java:224)
	at org.springframework.test.context.junit4.SpringJUnit4ClassRunner.runChild(SpringJUnit4ClassRunner.java:83)
	at org.junit.runners.ParentRunner$3.run(ParentRunner.java:238)
	at org.junit.runners.ParentRunner$1.schedule(ParentRunner.java:63)
	at org.junit.runners.ParentRunner.runChildren(ParentRunner.java:236)
	at org.junit.runners.ParentRunner.access$000(ParentRunner.java:53)
	at org.junit.runners.ParentRunner$2.evaluate(ParentRunner.java:229)
	at org.springframework.test.context.junit4.statements.RunBeforeTestClassCallbacks.evaluate(RunBeforeTestClassCallbacks.java:61)
	at org.springframework.test.context.junit4.statements.RunAfterTestClassCallbacks.evaluate(RunAfterTestClassCallbacks.java:68)
	at org.junit.runners.ParentRunner.run(ParentRunner.java:309)
	at org.springframework.test.context.junit4.SpringJUnit4ClassRunner.run(SpringJUnit4ClassRunner.java:163)
	at org.eclipse.jdt.internal.junit4.runner.JUnit4TestReference.run(JUnit4TestReference.java:50)
	at org.eclipse.jdt.internal.junit.runner.TestExecution.run(TestExecution.java:38)
	at org.eclipse.jdt.internal.junit.runner.RemoteTestRunner.runTests(RemoteTestRunner.java:467)
	at org.eclipse.jdt.internal.junit.runner.RemoteTestRunner.runTests(RemoteTestRunner.java:683)
	at org.eclipse.jdt.internal.junit.runner.RemoteTestRunner.run(RemoteTestRunner.java:390)
	at org.eclipse.jdt.internal.junit.runner.RemoteTestRunner.main(RemoteTestRunner.java:197)
Caused by: java.lang.IllegalArgumentException: argument type mismatch
	at sun.reflect.NativeMethodAccessorImpl.invoke0(Native Method)
	at sun.reflect.NativeMethodAccessorImpl.invoke(NativeMethodAccessorImpl.java:62)
	at sun.reflect.DelegatingMethodAccessorImpl.invoke(DelegatingMethodAccessorImpl.java:43)
	at java.lang.reflect.Method.invoke(Method.java:497)
	at org.hibernate.property.BasicPropertyAccessor$BasicSetter.set(BasicPropertyAccessor.java:66)
	... 44 more
2015/06/22 -- 09:07:55-[main]-[INFO]-org.springframework.test.context.transaction.TransactionContext-[endTransaction]-(136)-Rolled back transaction for test context [DefaultTestContext@78641d23 testClass = TemaDaoImpTest, testInstance = com.amhable.test.TemaDaoImpTest@74589991, testMethod = testObtener@TemaDaoImpTest, testException = java.lang.AssertionError, mergedContextConfiguration = [MergedContextConfiguration@146dfe6 testClass = TemaDaoImpTest, locations = '{classpath:/SpringConfiguration.xml}', classes = '{}', contextInitializerClasses = '[]', activeProfiles = '{}', propertySourceLocations = '{}', propertySourceProperties = '{}', contextLoader = 'org.springframework.test.context.support.DelegatingSmartContextLoader', parent = [null]]].
2015/06/22 -- 09:07:55-[Thread-0]-[INFO]-org.springframework.context.support.GenericApplicationContext-[doClose]-(862)-Closing org.springframework.context.support.GenericApplicationContext@5056dfcb: startup date [Mon Jun 22 09:07:54 COT 2015]; root of context hierarchy
2015/06/22 -- 09:07:55-[Thread-0]-[INFO]-org.springframework.orm.hibernate3.LocalSessionFactoryBean-[destroy]-(225)-Closing Hibernate SessionFactory
2015/06/22 -- 09:07:55-[Thread-0]-[INFO]-org.hibernate.impl.SessionFactoryImpl-[close]-(927)-closing
2015/06/22 -- 09:10:48-[main]-[INFO]-org.springframework.test.context.support.DefaultTestContextBootstrapper-[getDefaultTestExecutionListenerClassNames]-(256)-Loaded default TestExecutionListener class names from location [META-INF/spring.factories]: [org.springframework.test.context.web.ServletTestExecutionListener, org.springframework.test.context.support.DependencyInjectionTestExecutionListener, org.springframework.test.context.support.DirtiesContextTestExecutionListener, org.springframework.test.context.transaction.TransactionalTestExecutionListener, org.springframework.test.context.jdbc.SqlScriptsTestExecutionListener]
2015/06/22 -- 09:10:48-[main]-[INFO]-org.springframework.test.context.support.DefaultTestContextBootstrapper-[instantiateListeners]-(204)-Could not instantiate TestExecutionListener [org.springframework.test.context.web.ServletTestExecutionListener]. Specify custom listener classes or make the default listener classes (and their required dependencies) available. Offending class: [javax/servlet/ServletContext]
2015/06/22 -- 09:10:48-[main]-[INFO]-org.springframework.test.context.support.DefaultTestContextBootstrapper-[getTestExecutionListeners]-(182)-Using TestExecutionListeners: [org.springframework.test.context.support.DependencyInjectionTestExecutionListener@79b4d0f, org.springframework.test.context.support.DirtiesContextTestExecutionListener@6b2fad11, org.springframework.test.context.transaction.TransactionalTestExecutionListener@79698539, org.springframework.test.context.jdbc.SqlScriptsTestExecutionListener@73f792cf]
2015/06/22 -- 09:10:48-[main]-[INFO]-org.springframework.beans.factory.xml.XmlBeanDefinitionReader-[loadBeanDefinitions]-(317)-Loading XML bean definitions from class path resource [SpringConfiguration.xml]
2015/06/22 -- 09:10:48-[main]-[INFO]-org.springframework.context.support.GenericApplicationContext-[prepareRefresh]-(510)-Refreshing org.springframework.context.support.GenericApplicationContext@5056dfcb: startup date [Mon Jun 22 09:10:48 COT 2015]; root of context hierarchy
2015/06/22 -- 09:10:48-[main]-[INFO]-org.springframework.jdbc.datasource.DriverManagerDataSource-[setDriverClassName]-(133)-Loaded JDBC driver: com.mysql.jdbc.Driver
2015/06/22 -- 09:10:48-[main]-[INFO]-org.hibernate.annotations.common.Version-[<clinit>]-(37)-Hibernate Commons Annotations 3.2.0.Final
2015/06/22 -- 09:10:48-[main]-[INFO]-org.hibernate.cfg.Environment-[<clinit>]-(603)-Hibernate 3.6.10.Final
2015/06/22 -- 09:10:48-[main]-[INFO]-org.hibernate.cfg.Environment-[<clinit>]-(636)-hibernate.properties not found
2015/06/22 -- 09:10:48-[main]-[INFO]-org.hibernate.cfg.Environment-[buildBytecodeProvider]-(814)-Bytecode provider name : javassist
2015/06/22 -- 09:10:48-[main]-[INFO]-org.hibernate.cfg.Environment-[<clinit>]-(695)-using JDK 1.4 java.sql.Timestamp handling
2015/06/22 -- 09:10:48-[main]-[WARN]-org.hibernate.util.DTDEntityResolver-[resolveEntity]-(73)-recognized obsolete hibernate namespace http://hibernate.sourceforge.net/. Use namespace http://www.hibernate.org/dtd/ instead. Refer to Hibernate 3.6 Migration Guide!
2015/06/22 -- 09:10:48-[main]-[WARN]-org.hibernate.util.DTDEntityResolver-[resolveEntity]-(73)-recognized obsolete hibernate namespace http://hibernate.sourceforge.net/. Use namespace http://www.hibernate.org/dtd/ instead. Refer to Hibernate 3.6 Migration Guide!
2015/06/22 -- 09:10:48-[main]-[WARN]-org.hibernate.util.DTDEntityResolver-[resolveEntity]-(73)-recognized obsolete hibernate namespace http://hibernate.sourceforge.net/. Use namespace http://www.hibernate.org/dtd/ instead. Refer to Hibernate 3.6 Migration Guide!
2015/06/22 -- 09:10:48-[main]-[WARN]-org.hibernate.util.DTDEntityResolver-[resolveEntity]-(73)-recognized obsolete hibernate namespace http://hibernate.sourceforge.net/. Use namespace http://www.hibernate.org/dtd/ instead. Refer to Hibernate 3.6 Migration Guide!
2015/06/22 -- 09:10:48-[main]-[INFO]-org.hibernate.cfg.HbmBinder-[bindRootPersistentClassCommonValues]-(353)-Mapping class: com.amhable.dominio.ArchivoDto -> archivo
2015/06/22 -- 09:10:48-[main]-[INFO]-org.hibernate.cfg.HbmBinder-[bindRootPersistentClassCommonValues]-(353)-Mapping class: com.amhable.dominio.CategoriaDto -> categoria
2015/06/22 -- 09:10:48-[main]-[INFO]-org.hibernate.cfg.HbmBinder-[bindRootPersistentClassCommonValues]-(353)-Mapping class: com.amhable.dominio.TemaDto -> tema
2015/06/22 -- 09:10:48-[main]-[INFO]-org.hibernate.cfg.HbmBinder-[bindRootPersistentClassCommonValues]-(353)-Mapping class: com.amhable.dominio.UsuarioDto -> usuario
2015/06/22 -- 09:10:48-[main]-[INFO]-org.hibernate.cfg.Configuration-[applyHibernateValidatorLegacyConstraintsOnDDL]-(1676)-Hibernate Validator not found: ignoring
2015/06/22 -- 09:10:48-[main]-[INFO]-org.springframework.orm.hibernate3.LocalSessionFactoryBean-[buildSessionFactory]-(713)-Building new Hibernate SessionFactory
2015/06/22 -- 09:10:48-[main]-[INFO]-org.hibernate.cfg.search.HibernateSearchEventListenerRegister-[enableHibernateSearch]-(75)-Unable to find org.hibernate.search.event.FullTextIndexEventListener on the classpath. Hibernate Search is not enabled.
2015/06/22 -- 09:10:48-[main]-[INFO]-org.hibernate.connection.ConnectionProviderFactory-[initializeConnectionProviderFromConfig]-(173)-Initializing connection provider: org.springframework.orm.hibernate3.LocalDataSourceConnectionProvider
2015/06/22 -- 09:10:48-[main]-[INFO]-org.hibernate.dialect.Dialect-[<init>]-(136)-Using dialect: org.hibernate.dialect.MySQLDialect
2015/06/22 -- 09:10:48-[main]-[INFO]-org.hibernate.cfg.SettingsFactory-[buildSettings]-(126)-Database ->
       name : MySQL
    version : 5.6.21
      major : 5
      minor : 6
2015/06/22 -- 09:10:48-[main]-[INFO]-org.hibernate.cfg.SettingsFactory-[buildSettings]-(132)-Driver ->
       name : MySQL-AB JDBC Driver
    version : mysql-connector-java-5.1.22 ( Revision: ${bzr.revision-id} )
      major : 5
      minor : 1
2015/06/22 -- 09:10:48-[main]-[INFO]-org.hibernate.transaction.TransactionFactoryFactory-[buildTransactionFactory]-(65)-Transaction strategy: org.springframework.orm.hibernate3.SpringTransactionFactory
2015/06/22 -- 09:10:48-[main]-[INFO]-org.hibernate.transaction.TransactionManagerLookupFactory-[getTransactionManagerLookup]-(83)-No TransactionManagerLookup configured (in JTA environment, use of read-write or transactional second-level cache is not recommended)
2015/06/22 -- 09:10:48-[main]-[INFO]-org.hibernate.cfg.SettingsFactory-[buildSettings]-(179)-Automatic flush during beforeCompletion(): disabled
2015/06/22 -- 09:10:48-[main]-[INFO]-org.hibernate.cfg.SettingsFactory-[buildSettings]-(183)-Automatic session close at end of transaction: disabled
2015/06/22 -- 09:10:48-[main]-[INFO]-org.hibernate.cfg.SettingsFactory-[buildSettings]-(190)-JDBC batch size: 15
2015/06/22 -- 09:10:48-[main]-[INFO]-org.hibernate.cfg.SettingsFactory-[buildSettings]-(193)-JDBC batch updates for versioned data: disabled
2015/06/22 -- 09:10:48-[main]-[INFO]-org.hibernate.cfg.SettingsFactory-[buildSettings]-(198)-Scrollable result sets: enabled
2015/06/22 -- 09:10:48-[main]-[INFO]-org.hibernate.cfg.SettingsFactory-[buildSettings]-(206)-JDBC3 getGeneratedKeys(): enabled
2015/06/22 -- 09:10:48-[main]-[INFO]-org.hibernate.cfg.SettingsFactory-[buildSettings]-(214)-Connection release mode: auto
2015/06/22 -- 09:10:48-[main]-[INFO]-org.hibernate.cfg.SettingsFactory-[buildSettings]-(238)-Maximum outer join fetch depth: 2
2015/06/22 -- 09:10:48-[main]-[INFO]-org.hibernate.cfg.SettingsFactory-[buildSettings]-(241)-Default batch fetch size: 1
2015/06/22 -- 09:10:48-[main]-[INFO]-org.hibernate.cfg.SettingsFactory-[buildSettings]-(245)-Generate SQL with comments: disabled
2015/06/22 -- 09:10:48-[main]-[INFO]-org.hibernate.cfg.SettingsFactory-[buildSettings]-(249)-Order SQL updates by primary key: disabled
2015/06/22 -- 09:10:48-[main]-[INFO]-org.hibernate.cfg.SettingsFactory-[buildSettings]-(253)-Order SQL inserts for batching: disabled
2015/06/22 -- 09:10:48-[main]-[INFO]-org.hibernate.cfg.SettingsFactory-[createQueryTranslatorFactory]-(431)-Query translator: org.hibernate.hql.ast.ASTQueryTranslatorFactory
2015/06/22 -- 09:10:48-[main]-[INFO]-org.hibernate.hql.ast.ASTQueryTranslatorFactory-[<init>]-(47)-Using ASTQueryTranslatorFactory
2015/06/22 -- 09:10:48-[main]-[INFO]-org.hibernate.cfg.SettingsFactory-[buildSettings]-(261)-Query language substitutions: {}
2015/06/22 -- 09:10:48-[main]-[INFO]-org.hibernate.cfg.SettingsFactory-[buildSettings]-(266)-JPA-QL strict compliance: disabled
2015/06/22 -- 09:10:48-[main]-[INFO]-org.hibernate.cfg.SettingsFactory-[buildSettings]-(271)-Second-level cache: enabled
2015/06/22 -- 09:10:48-[main]-[INFO]-org.hibernate.cfg.SettingsFactory-[buildSettings]-(275)-Query cache: disabled
2015/06/22 -- 09:10:48-[main]-[INFO]-org.hibernate.cfg.SettingsFactory-[createRegionFactory]-(406)-Cache region factory : org.hibernate.cache.impl.NoCachingRegionFactory
2015/06/22 -- 09:10:48-[main]-[INFO]-org.hibernate.cfg.SettingsFactory-[buildSettings]-(285)-Optimize cache for minimal puts: disabled
2015/06/22 -- 09:10:48-[main]-[INFO]-org.hibernate.cfg.SettingsFactory-[buildSettings]-(294)-Structured second-level cache entries: disabled
2015/06/22 -- 09:10:48-[main]-[INFO]-org.hibernate.cfg.SettingsFactory-[buildSettings]-(314)-Echoing all SQL to stdout
2015/06/22 -- 09:10:48-[main]-[INFO]-org.hibernate.cfg.SettingsFactory-[buildSettings]-(323)-Statistics: disabled
2015/06/22 -- 09:10:48-[main]-[INFO]-org.hibernate.cfg.SettingsFactory-[buildSettings]-(327)-Deleted entity synthetic identifier rollback: disabled
2015/06/22 -- 09:10:48-[main]-[INFO]-org.hibernate.cfg.SettingsFactory-[buildSettings]-(343)-Default entity-mode: pojo
2015/06/22 -- 09:10:48-[main]-[INFO]-org.hibernate.cfg.SettingsFactory-[buildSettings]-(347)-Named query checking : enabled
2015/06/22 -- 09:10:48-[main]-[INFO]-org.hibernate.cfg.SettingsFactory-[buildSettings]-(351)-Check Nullability in Core (should be disabled when Bean Validation is on): disabled
2015/06/22 -- 09:10:48-[main]-[INFO]-org.hibernate.impl.SessionFactoryImpl-[<init>]-(202)-building session factory
2015/06/22 -- 09:10:48-[main]-[INFO]-org.hibernate.type.BasicTypeRegistry-[register]-(150)-Type registration [characters_clob] overrides previous : org.hibernate.type.PrimitiveCharacterArrayClobType@6e2829c7
2015/06/22 -- 09:10:48-[main]-[INFO]-org.hibernate.type.BasicTypeRegistry-[register]-(150)-Type registration [materialized_blob] overrides previous : org.hibernate.type.MaterializedBlobType@3feb2dda
2015/06/22 -- 09:10:48-[main]-[INFO]-org.hibernate.type.BasicTypeRegistry-[register]-(150)-Type registration [clob] overrides previous : org.hibernate.type.ClobType@6a8658ff
2015/06/22 -- 09:10:48-[main]-[INFO]-org.hibernate.type.BasicTypeRegistry-[register]-(150)-Type registration [java.sql.Clob] overrides previous : org.hibernate.type.ClobType@6a8658ff
2015/06/22 -- 09:10:48-[main]-[INFO]-org.hibernate.type.BasicTypeRegistry-[register]-(150)-Type registration [materialized_clob] overrides previous : org.hibernate.type.MaterializedClobType@1c742ed4
2015/06/22 -- 09:10:48-[main]-[INFO]-org.hibernate.type.BasicTypeRegistry-[register]-(150)-Type registration [wrapper_characters_clob] overrides previous : org.hibernate.type.CharacterArrayClobType@333d4a8c
2015/06/22 -- 09:10:48-[main]-[INFO]-org.hibernate.type.BasicTypeRegistry-[register]-(150)-Type registration [blob] overrides previous : org.hibernate.type.BlobType@55de24cc
2015/06/22 -- 09:10:48-[main]-[INFO]-org.hibernate.type.BasicTypeRegistry-[register]-(150)-Type registration [java.sql.Blob] overrides previous : org.hibernate.type.BlobType@55de24cc
2015/06/22 -- 09:10:48-[main]-[INFO]-org.hibernate.type.BasicTypeRegistry-[register]-(150)-Type registration [wrapper_materialized_blob] overrides previous : org.hibernate.type.WrappedMaterializedBlobType@dc7df28
2015/06/22 -- 09:10:49-[main]-[INFO]-org.hibernate.impl.SessionFactoryObjectFactory-[addInstance]-(105)-Not binding factory to JNDI, no JNDI name configured
2015/06/22 -- 09:10:49-[main]-[INFO]-org.springframework.test.context.transaction.TransactionContext-[startTransaction]-(101)-Began transaction (1) for test context [DefaultTestContext@78641d23 testClass = TemaDaoImpTest, testInstance = com.amhable.test.TemaDaoImpTest@74589991, testMethod = testObtener@TemaDaoImpTest, testException = [null], mergedContextConfiguration = [MergedContextConfiguration@146dfe6 testClass = TemaDaoImpTest, locations = '{classpath:/SpringConfiguration.xml}', classes = '{}', contextInitializerClasses = '[]', activeProfiles = '{}', propertySourceLocations = '{}', propertySourceProperties = '{}', contextLoader = 'org.springframework.test.context.support.DelegatingSmartContextLoader', parent = [null]]]; transaction manager [org.springframework.orm.hibernate3.HibernateTransactionManager@4716be8b]; rollback [true]
2015/06/22 -- 09:10:49-[main]-[ERROR]-org.hibernate.property.BasicPropertyAccessor-[set]-(118)-IllegalArgumentException in class: com.amhable.dominio.TemaDto, setter method of property: categoria_idCategoria
2015/06/22 -- 09:10:49-[main]-[ERROR]-org.hibernate.property.BasicPropertyAccessor-[set]-(122)-expected type: int, actual value: com.amhable.dominio.CategoriaDto
2015/06/22 -- 09:10:49-[main]-[ERROR]-com.amhable.persistencia.implementacion.TemaDaoImp-[obtenerTemas]-(41)-ERROR obteniendo lista de temas: 
org.hibernate.PropertyAccessException: IllegalArgumentException occurred while calling setter of com.amhable.dominio.TemaDto.categoria_idCategoria
	at org.hibernate.property.BasicPropertyAccessor$BasicSetter.set(BasicPropertyAccessor.java:128)
	at org.hibernate.tuple.entity.AbstractEntityTuplizer.setPropertyValues(AbstractEntityTuplizer.java:583)
	at org.hibernate.tuple.entity.PojoEntityTuplizer.setPropertyValues(PojoEntityTuplizer.java:229)
	at org.hibernate.persister.entity.AbstractEntityPersister.setPropertyValues(AbstractEntityPersister.java:3848)
	at org.hibernate.engine.TwoPhaseLoad.initializeEntity(TwoPhaseLoad.java:152)
	at org.hibernate.loader.Loader.initializeEntitiesAndCollections(Loader.java:982)
	at org.hibernate.loader.Loader.doQuery(Loader.java:857)
	at org.hibernate.loader.Loader.doQueryAndInitializeNonLazyCollections(Loader.java:274)
	at org.hibernate.loader.Loader.doList(Loader.java:2542)
	at org.hibernate.loader.Loader.listIgnoreQueryCache(Loader.java:2276)
	at org.hibernate.loader.Loader.list(Loader.java:2271)
	at org.hibernate.loader.criteria.CriteriaLoader.list(CriteriaLoader.java:119)
	at org.hibernate.impl.SessionImpl.list(SessionImpl.java:1716)
	at org.hibernate.impl.CriteriaImpl.list(CriteriaImpl.java:347)
	at com.amhable.persistencia.implementacion.TemaDaoImp.obtenerTemas(TemaDaoImp.java:38)
	at com.amhable.test.TemaDaoImpTest.testObtener(TemaDaoImpTest.java:54)
	at sun.reflect.NativeMethodAccessorImpl.invoke0(Native Method)
	at sun.reflect.NativeMethodAccessorImpl.invoke(NativeMethodAccessorImpl.java:62)
	at sun.reflect.DelegatingMethodAccessorImpl.invoke(DelegatingMethodAccessorImpl.java:43)
	at java.lang.reflect.Method.invoke(Method.java:497)
	at org.junit.runners.model.FrameworkMethod$1.runReflectiveCall(FrameworkMethod.java:47)
	at org.junit.internal.runners.model.ReflectiveCallable.run(ReflectiveCallable.java:12)
	at org.junit.runners.model.FrameworkMethod.invokeExplosively(FrameworkMethod.java:44)
	at org.junit.internal.runners.statements.InvokeMethod.evaluate(InvokeMethod.java:17)
	at org.springframework.test.context.junit4.statements.RunBeforeTestMethodCallbacks.evaluate(RunBeforeTestMethodCallbacks.java:73)
	at org.springframework.test.context.junit4.statements.RunAfterTestMethodCallbacks.evaluate(RunAfterTestMethodCallbacks.java:82)
	at org.springframework.test.context.junit4.statements.SpringRepeat.evaluate(SpringRepeat.java:73)
	at org.junit.runners.ParentRunner.runLeaf(ParentRunner.java:271)
	at org.springframework.test.context.junit4.SpringJUnit4ClassRunner.runChild(SpringJUnit4ClassRunner.java:224)
	at org.springframework.test.context.junit4.SpringJUnit4ClassRunner.runChild(SpringJUnit4ClassRunner.java:83)
	at org.junit.runners.ParentRunner$3.run(ParentRunner.java:238)
	at org.junit.runners.ParentRunner$1.schedule(ParentRunner.java:63)
	at org.junit.runners.ParentRunner.runChildren(ParentRunner.java:236)
	at org.junit.runners.ParentRunner.access$000(ParentRunner.java:53)
	at org.junit.runners.ParentRunner$2.evaluate(ParentRunner.java:229)
	at org.springframework.test.context.junit4.statements.RunBeforeTestClassCallbacks.evaluate(RunBeforeTestClassCallbacks.java:61)
	at org.springframework.test.context.junit4.statements.RunAfterTestClassCallbacks.evaluate(RunAfterTestClassCallbacks.java:68)
	at org.junit.runners.ParentRunner.run(ParentRunner.java:309)
	at org.springframework.test.context.junit4.SpringJUnit4ClassRunner.run(SpringJUnit4ClassRunner.java:163)
	at org.eclipse.jdt.internal.junit4.runner.JUnit4TestReference.run(JUnit4TestReference.java:50)
	at org.eclipse.jdt.internal.junit.runner.TestExecution.run(TestExecution.java:38)
	at org.eclipse.jdt.internal.junit.runner.RemoteTestRunner.runTests(RemoteTestRunner.java:467)
	at org.eclipse.jdt.internal.junit.runner.RemoteTestRunner.runTests(RemoteTestRunner.java:683)
	at org.eclipse.jdt.internal.junit.runner.RemoteTestRunner.run(RemoteTestRunner.java:390)
	at org.eclipse.jdt.internal.junit.runner.RemoteTestRunner.main(RemoteTestRunner.java:197)
Caused by: java.lang.IllegalArgumentException: argument type mismatch
	at sun.reflect.NativeMethodAccessorImpl.invoke0(Native Method)
	at sun.reflect.NativeMethodAccessorImpl.invoke(NativeMethodAccessorImpl.java:62)
	at sun.reflect.DelegatingMethodAccessorImpl.invoke(DelegatingMethodAccessorImpl.java:43)
	at java.lang.reflect.Method.invoke(Method.java:497)
	at org.hibernate.property.BasicPropertyAccessor$BasicSetter.set(BasicPropertyAccessor.java:66)
	... 44 more
2015/06/22 -- 09:10:49-[main]-[INFO]-org.springframework.test.context.transaction.TransactionContext-[endTransaction]-(136)-Rolled back transaction for test context [DefaultTestContext@78641d23 testClass = TemaDaoImpTest, testInstance = com.amhable.test.TemaDaoImpTest@74589991, testMethod = testObtener@TemaDaoImpTest, testException = java.lang.AssertionError, mergedContextConfiguration = [MergedContextConfiguration@146dfe6 testClass = TemaDaoImpTest, locations = '{classpath:/SpringConfiguration.xml}', classes = '{}', contextInitializerClasses = '[]', activeProfiles = '{}', propertySourceLocations = '{}', propertySourceProperties = '{}', contextLoader = 'org.springframework.test.context.support.DelegatingSmartContextLoader', parent = [null]]].
2015/06/22 -- 09:10:49-[Thread-0]-[INFO]-org.springframework.context.support.GenericApplicationContext-[doClose]-(862)-Closing org.springframework.context.support.GenericApplicationContext@5056dfcb: startup date [Mon Jun 22 09:10:48 COT 2015]; root of context hierarchy
2015/06/22 -- 09:10:49-[Thread-0]-[INFO]-org.springframework.orm.hibernate3.LocalSessionFactoryBean-[destroy]-(225)-Closing Hibernate SessionFactory
2015/06/22 -- 09:10:49-[Thread-0]-[INFO]-org.hibernate.impl.SessionFactoryImpl-[close]-(927)-closing
